This is e-upTeX, Version 3.141592653-p4.1.0-u1.29-230214-2.6 (utf8.sjis) (TeX Live 2023) (preloaded format=platex 2023.8.4)  30 SEP 2023 15:51
entering extended mode
 restricted \write18 enabled.
 %&-line parsing enabled.
**c:/Users/satou/OneDrive/ドキュメント/趣味/CrimeAndPunishment/tex/罪と罰
(c:/Users/satou/OneDrive/ドキュメント/趣味/CrimeAndPunishment/tex/罪と罰.tex
pLaTeX2e <2023-02-14>+1, based on
LaTeX2e <2023-06-01> patch level 1
L3 programming layer <2023-08-03>
(c:/texlive/2023/texmf-dist/tex/platex/base/tbook.cls
Document Class: tbook 2020/09/30 v1.8f Standard pLaTeX class
\c@@paper=\count184
(c:/texlive/2023/texmf-dist/tex/platex/base/tbk10.clo
File: tbk10.clo 2020/09/30 v1.8f Standard pLaTeX file (size option)
) (c:/texlive/2023/texmf-dist/tex/platex/base/plext.sty
Package: plext 2020/10/07 v1.2m pLaTeX package file (community edition)
\@floatbox=\box68
\floatwidth=\dimen156
\floatheight=\dimen157
\floatruletick=\dimen158
\captionfloatsep=\dimen159
\captionwidth=\dimen160
\@captionbox=\box69
LaTeX Info: Redefining \parbox on input line 333.
\save@ybaselineshift=\dimen161
\save@tbaselineshift=\dimen162
\@picwd=\dimen163
\rensujiskip=\skip48
)
\c@part=\count185
\c@chapter=\count186
\c@section=\count187
\c@subsection=\count188
\c@subsubsection=\count189
\c@paragraph=\count190
\c@subparagraph=\count191
\c@figure=\count192
\c@table=\count193
\abovecaptionskip=\skip49
\belowcaptionskip=\skip50
\symmincho=\mathgroup4
LaTeX Font Info:    Overwriting symbol font `mincho' in version `bold'
(Font)                  JY1/mc/m/n --> JY1/gt/m/n on input line 712.
\toclineskip=\dimen164
\@lnumwidth=\dimen165
\bibindent=\dimen166
\heisei=\count194
) (c:/texlive/2023/texmf-dist/tex/latex/l3backend/l3backend-dvips.def
File: l3backend-dvips.def 2023-04-19 L3 backend support: dvips
\l__pdf_internal_box=\box70
\g__pdf_backend_object_int=\count195
\l__pdf_backend_content_box=\box71
\l__pdf_backend_model_box=\box72
\g__pdf_backend_annotation_int=\count196
\g__pdf_backend_link_int=\count197
\g__pdf_backend_link_sf_int=\count198
) (./罪と罰.aux)
\openout1 = `罪と罰.aux'.

LaTeX Font Info:    Checking defaults for OML/cmm/m/it on input line 6.
LaTeX Font Info:    ... okay on input line 6.
LaTeX Font Info:    Checking defaults for OMS/cmsy/m/n on input line 6.
LaTeX Font Info:    ... okay on input line 6.
LaTeX Font Info:    Checking defaults for OT1/cmr/m/n on input line 6.
LaTeX Font Info:    ... okay on input line 6.
LaTeX Font Info:    Checking defaults for T1/cmr/m/n on input line 6.
LaTeX Font Info:    ... okay on input line 6.
LaTeX Font Info:    Checking defaults for TS1/cmr/m/n on input line 6.
LaTeX Font Info:    ... okay on input line 6.
LaTeX Font Info:    Checking defaults for OMX/cmex/m/n on input line 6.
LaTeX Font Info:    ... okay on input line 6.
LaTeX Font Info:    Checking defaults for U/cmr/m/n on input line 6.
LaTeX Font Info:    ... okay on input line 6.
LaTeX Font Info:    Checking defaults for JY1/mc/m/n on input line 6.
LaTeX Font Info:    ... okay on input line 6.
LaTeX Font Info:    Checking defaults for JT1/mc/m/n on input line 6.
LaTeX Font Info:    ... okay on input line 6.
 《縦組モード》
LaTeX Font Info:    External font `cmex10' loaded for size
(Font)              <14.4> on input line 7.
LaTeX Font Info:    External font `cmex10' loaded for size
(Font)              <7> on input line 7.
 [1


] (../text/1.tex [2] [3] [4] [5] [6] [7] [8] [9] [10]) (../text/2.tex [11] [12] [13] [14]) [15] [16] (./罪と罰.aux)
 ***********
pLaTeX2e <2023-02-14>+1, based on
LaTeX2e <2023-06-01> patch level 1
L3 programming layer <2023-08-03>
 ***********
 ) 
Here is how much of TeX's memory you used:
 646 strings out of 475846
 11248 string characters out of 5782104
 1917084 words of memory out of 5000000
 22006 multiletter control sequences out of 15000+600000
 564376 words of font info for 62 fonts, out of 8000000 for 9000
 929 hyphenation exceptions out of 8191
 42i,7n,51p,461b,259s stack positions out of 10000i,1000n,20000p,200000b,200000s

Output written on 罪と罰.dvi (16 pages, 57964 bytes).
